<?xml version="1.0" encoding="UTF-8"?>
<testsuite xmlns:xsi="http://www.w3.org/2001/XMLSchema-instance" xsi:noNamespaceSchemaLocation="https://maven.apache.org/surefire/maven-surefire-plugin/xsd/surefire-test-report-3.0.xsd" version="3.0" name="br.com.luanmarcelseverino.ContaTest" time="0.646" tests="4" errors="0" skipped="0" failures="0">
  <properties>
[...]
</properties>
  <testcase name="deveRealizarTransferencia" classname="br.com.luanmarcelseverino.ContaTest" time="0.346">
    <system-err><![CDATA[SLF4J: Failed to load class "org.slf4j.impl.StaticLoggerBinder".
SLF4J: Defaulting to no-operation (NOP) logger implementation
SLF4J: See http://www.slf4j.org/codes.html#StaticLoggerBinder for further details.
]]></system-err>
  </testcase>
  <testcase name="naoDevePermitirSaqueSemSaldo" classname="br.com.luanmarcelseverino.ContaTest" time="0.008">
    <system-out><![CDATA[Erro: Saldo insuficiente para saque.
]]></system-out>
  </testcase>
  <testcase name="deveRealizarDeposito" classname="br.com.luanmarcelseverino.ContaTest" time="0.014"/>
  <testcase name="deveRealizarSaque" classname="br.com.luanmarcelseverino.ContaTest" time="0.007"/>
</testsuite>